{
  "stats": {
    "suites": 1,
    "tests": 1,
    "passes": 0,
    "pending": 0,
    "failures": 1,
    "start": "2024-10-02T09:57:31.374Z",
    "end": "2024-10-02T09:59:36.839Z",
    "duration": 125465,
    "testsRegistered": 1,
    "passPercent": 0,
    "pendingPercent": 0,
    "other": 0,
    "hasOther": false,
    "skipped": 0,
    "hasSkipped": false
  },
  "results": [
    {
      "uuid": "300c6506-9ff7-43e2-9a9a-c129dd2630c6",
      "title": "",
      "fullFile": "cypress\\e2e\\registrationTest.cy.js",
      "file": "cypress\\e2e\\registrationTest.cy.js",
      "beforeHooks": [],
      "afterHooks": [],
      "tests": [],
      "suites": [
        {
          "uuid": "02112ee2-d548-49c4-9ac8-8099db9afee0",
          "title": "User Registration on Booking.com",
          "fullFile": "",
          "file": "",
          "beforeHooks": [],
          "afterHooks": [],
          "tests": [
            {
              "title": "Registration of new user with valid email",
              "fullTitle": "User Registration on Booking.com Registration of new user with valid email",
              "timedOut": null,
              "duration": 2749,
              "state": "failed",
              "speed": null,
              "pass": false,
              "fail": true,
              "pending": false,
              "context": null,
              "code": "registrationPage.enterEmailAddress(testData.user.email);\nregistrationPage.clickOnContinueWithEmail();\ncreatePasswordPage.enterPassword(testData.user.password);\ncreatePasswordPage.enterConfirmPassword(testData.user.password);\ncreatePasswordPage.clickOnCreateAccountButton();\ncreatePasswordPage.verifyCaptchaIsPresent();\nassert.fail(true);",
              "err": {
                "message": "TypeError: errMessage.indexOf is not a function",
                "estack": "TypeError: errMessage.indexOf is not a function\n    at Runner.fail (https://account.booking.com/__cypress/runner/cypress_runner.js:145489:34)\n    at Test.<anonymous> (https://account.booking.com/__cypress/runner/cypress_runner.js:155652:20)\n    at next (https://account.booking.com/__cypress/runner/cypress_runner.js:162833:24)\n    at https://account.booking.com/__cypress/runner/cypress_runner.js:162860:13\n    at tryCatcher (https://account.booking.com/__cypress/runner/cypress_runner.js:1807:23)\n    at Promise._settlePromiseFromHandler (https://account.booking.com/__cypress/runner/cypress_runner.js:1519:31)\n    at Promise._settlePromise (https://account.booking.com/__cypress/runner/cypress_runner.js:1576:18)\n    at Promise._settlePromise0 (https://account.booking.com/__cypress/runner/cypress_runner.js:1621:10)\n    at Promise._settlePromises (https://account.booking.com/__cypress/runner/cypress_runner.js:1701:18)\n    at Promise._fulfill (https://account.booking.com/__cypress/runner/cypress_runner.js:1645:18)\n    at Promise._resolveCallback (https://account.booking.com/__cypress/runner/cypress_runner.js:1439:57)\n    at Promise._settlePromiseFromHandler (https://account.booking.com/__cypress/runner/cypress_runner.js:1531:17)\n    at Promise._settlePromise (https://account.booking.com/__cypress/runner/cypress_runner.js:1576:18)\n    at Promise._settlePromise0 (https://account.booking.com/__cypress/runner/cypress_runner.js:1621:10)\n    at Promise._settlePromises (https://account.booking.com/__cypress/runner/cypress_runner.js:1701:18)\n    at Promise._fulfill (https://account.booking.com/__cypress/runner/cypress_runner.js:1645:18)\n    at PromiseArray._resolve (https://account.booking.com/__cypress/runner/cypress_runner.js:2932:19)\n    at PromiseArray._promiseFulfilled (https://account.booking.com/__cypress/runner/cypress_runner.js:2950:14)\n    at PromiseArray._iterate (https://account.booking.com/__cypress/runner/cypress_runner.js:2920:31)\n    at PromiseArray.init [as _init] (https://account.booking.com/__cypress/runner/cypress_runner.js:2884:10)\n    at Promise._settlePromise (https://account.booking.com/__cypress/runner/cypress_runner.js:1573:21)\n    at Promise._settlePromise0 (https://account.booking.com/__cypress/runner/cypress_runner.js:1621:10)",
                "diff": null
              },
              "uuid": "057ab1ce-41a1-487c-817a-d5422687a72f",
              "parentUUID": "02112ee2-d548-49c4-9ac8-8099db9afee0",
              "isHook": false,
              "skipped": false
            }
          ],
          "suites": [],
          "passes": [],
          "failures": [
            "057ab1ce-41a1-487c-817a-d5422687a72f"
          ],
          "pending": [],
          "skipped": [],
          "duration": 2749,
          "root": false,
          "rootEmpty": false,
          "_timeout": 2000
        }
      ],
      "passes": [],
      "failures": [],
      "pending": [],
      "skipped": [],
      "duration": 0,
      "root": true,
      "rootEmpty": true,
      "_timeout": 2000
    }
  ],
  "meta": {
    "mocha": {
      "version": "7.0.1"
    },
    "mochawesome": {
      "options": {
        "quiet": false,
        "reportFilename": "mochawesome",
        "saveHtml": false,
        "saveJson": true,
        "consoleReporter": "spec",
        "useInlineDiffs": false,
        "code": true
      },
      "version": "7.1.3"
    },
    "marge": {
      "options": {
        "charts": true,
        "overwrite": false,
        "html": false,
        "json": true,
        "reportDir": "cypress/reports"
      },
      "version": "6.2.0"
    }
  }
}