{
  "stats": {
    "suites": 1,
    "tests": 1,
    "passes": 1,
    "pending": 0,
    "failures": 0,
    "testsRegistered": 1,
    "passPercent": 100,
    "pendingPercent": 0,
    "other": 0,
    "hasOther": false,
    "skipped": 0,
    "hasSkipped": false,
    "start": "2024-10-02T11:02:44.186Z",
    "end": "2024-10-02T11:02:53.078Z",
    "duration": 8892
  },
  "results": [
    {
      "uuid": "6156e025-83e0-4652-8af8-026bdeb5d701",
      "title": "",
      "fullFile": "cypress\\e2e\\registrationTest.cy.js",
      "file": "cypress\\e2e\\registrationTest.cy.js",
      "beforeHooks": [],
      "afterHooks": [],
      "tests": [],
      "suites": [
        {
          "uuid": "c2e54b12-425c-4c66-b638-4bf6eed339dd",
          "title": "User Registration on Booking.com",
          "fullFile": "",
          "file": "",
          "beforeHooks": [],
          "afterHooks": [],
          "tests": [
            {
              "title": "Registration of new user with valid email",
              "fullTitle": "User Registration on Booking.com Registration of new user with valid email",
              "timedOut": null,
              "duration": 7258,
              "state": "passed",
              "speed": "medium",
              "pass": true,
              "fail": false,
              "pending": false,
              "context": null,
              "code": "registrationPage.enterEmailAddress(testData.user.email);\nregistrationPage.clickOnContinueWithEmail();\ncreatePasswordPage.enterPassword(testData.user.password);\ncreatePasswordPage.enterConfirmPassword(testData.user.password);\ncreatePasswordPage.clickOnCreateAccountButton();\ncreatePasswordPage.verifyCaptchaIsPresent();",
              "err": {},
              "uuid": "5eca4858-6e13-49ed-9b81-76c41f438213",
              "parentUUID": "c2e54b12-425c-4c66-b638-4bf6eed339dd",
              "isHook": false,
              "skipped": false
            }
          ],
          "suites": [],
          "passes": [
            "5eca4858-6e13-49ed-9b81-76c41f438213"
          ],
          "failures": [],
          "pending": [],
          "skipped": [],
          "duration": 7258,
          "root": false,
          "rootEmpty": false,
          "_timeout": 2000
        }
      ],
      "passes": [],
      "failures": [],
      "pending": [],
      "skipped": [],
      "duration": 0,
      "root": true,
      "rootEmpty": true,
      "_timeout": 2000
    }
  ],
  "meta": {
    "mocha": {
      "version": "7.0.1"
    },
    "mochawesome": {
      "options": {
        "quiet": false,
        "reportFilename": "mochawesome",
        "saveHtml": false,
        "saveJson": true,
        "consoleReporter": "spec",
        "useInlineDiffs": false,
        "code": true
      },
      "version": "7.1.3"
    },
    "marge": {
      "options": {
        "charts": true,
        "overwrite": false,
        "html": false,
        "json": true,
        "reportDir": "cypress/reports/mochawesome-report"
      },
      "version": "6.2.0"
    }
  }
}